14:57:28.515 [thread] INFO  com.weekproj.springII.WeekProjSpringIiApplication[36] -Starting WeekProjSpringIiApplication using Java 17.0.7 with PID 3384 (F:\Epicode\JAVA-UNIT\BACK-END_JAVA_U2\WeekProjSpringII\target\classes started by UTENTE in F:\Epicode\JAVA-UNIT\BACK-END_JAVA_U2\WeekProjSpringII)
14:57:28.521 [thread] INFO  com.weekproj.springII.WeekProjSpringIiApplication[36] -No active profile set, falling back to 1 default profile: "default"
14:57:28.580 [thread] INFO  org.springframework.boot.devtools.env.DevToolsPropertyDefaultsPostProcessor[36] -Devtools property defaults active! Set 'spring.devtools.add-properties' to 'false' to disable
14:57:28.580 [thread] INFO  org.springframework.boot.devtools.env.DevToolsPropertyDefaultsPostProcessor[36] -For additional web related logging consider setting the 'logging.level.web' property to 'DEBUG'
14:57:29.279 [thread] INFO  org.springframework.data.repository.config.RepositoryConfigurationDelegate[36] -Bootstrapping Spring Data JPA repositories in DEFAULT mode.
14:57:29.353 [thread] INFO  org.springframework.data.repository.config.RepositoryConfigurationDelegate[36] -Finished Spring Data repository scanning in 65 ms. Found 3 JPA repository interfaces.
14:57:30.067 [thread] INFO  org.springframework.boot.web.embedded.tomcat.TomcatWebServer[36] -Tomcat initialized with port(s): 8080 (http)
14:57:30.079 [thread] INFO  org.apache.catalina.core.StandardService[36] -Starting service [Tomcat]
14:57:30.079 [thread] INFO  org.apache.catalina.core.StandardEngine[36] -Starting Servlet engine: [Apache Tomcat/10.1.8]
14:57:30.164 [thread] INFO  org.apache.catalina.core.ContainerBase.[Tomcat].[localhost].[/][36] -Initializing Spring embedded WebApplicationContext
14:57:30.165 [thread] INFO  org.springframework.boot.web.servlet.context.ServletWebServerApplicationContext[36] -Root WebApplicationContext: initialization completed in 1583 ms
14:57:30.298 [thread] INFO  org.hibernate.jpa.internal.util.LogHelper[36] -HHH000204: Processing PersistenceUnitInfo [name: default]
14:57:30.362 [thread] INFO  org.hibernate.Version[36] -HHH000412: Hibernate ORM core version 6.2.2.Final
14:57:30.365 [thread] INFO  org.hibernate.cfg.Environment[36] -HHH000406: Using bytecode reflection optimizer
14:57:30.505 [thread] INFO  org.hibernate.bytecode.internal.BytecodeProviderInitiator[36] -HHH000021: Bytecode provider name : bytebuddy
14:57:30.666 [thread] INFO  org.springframework.orm.jpa.persistenceunit.SpringPersistenceUnitInfo[36] -No LoadTimeWeaver setup: ignoring JPA class transformer
14:57:30.683 [thread] INFO  com.zaxxer.hikari.HikariDataSource[36] -HikariPool-1 - Starting...
14:57:30.880 [thread] INFO  com.zaxxer.hikari.pool.HikariPool[36] -HikariPool-1 - Added connection org.postgresql.jdbc.PgConnection@34fd662d
14:57:30.882 [thread] INFO  com.zaxxer.hikari.HikariDataSource[36] -HikariPool-1 - Start completed.
14:57:30.960 [thread] INFO  org.hibernate.orm.dialect[36] -HHH035001: Using dialect: org.hibernate.dialect.PostgreSQLDialect, version: org.hibernate.engine.jdbc.env.internal.JdbcEnvironmentInitiator$DialectResolutionInfoImpl@492ec6ab
14:57:31.225 [thread] INFO  org.hibernate.bytecode.internal.BytecodeProviderInitiator[36] -HHH000021: Bytecode provider name : bytebuddy
14:57:32.017 [thread] INFO  org.hibernate.engine.transaction.jta.platform.internal.JtaPlatformInitiator[36] -HHH000490: Using JtaPlatform implementation: [org.hibernate.engine.transaction.jta.platform.internal.NoJtaPlatform]
14:57:32.185 [thread] INFO  org.springframework.orm.jpa.LocalContainerEntityManagerFactoryBean[36] -Initialized JPA EntityManagerFactory for persistence unit 'default'
14:57:32.774 [thread] WARN  org.springframework.boot.autoconfigure.orm.jpa.JpaBaseConfiguration$JpaWebConfiguration[36] -spring.jpa.open-in-view is enabled by default. Therefore, database queries may be performed during view rendering. Explicitly configure spring.jpa.open-in-view to disable this warning
14:57:33.131 [thread] INFO  org.springframework.security.web.DefaultSecurityFilterChain[36] -Will secure any request with [org.springframework.security.web.session.DisableEncodeUrlFilter@78d24c7f, org.springframework.security.web.context.request.async.WebAsyncManagerIntegrationFilter@4ce22ba1, org.springframework.security.web.context.SecurityContextHolderFilter@2471a534, org.springframework.security.web.header.HeaderWriterFilter@3b9f890f, org.springframework.web.filter.CorsFilter@3ea38c5c, org.springframework.security.web.authentication.logout.LogoutFilter@467b211d, com.weekproj.springII.security.JwtAuthenticationFilter@7d7820c0, org.springframework.security.web.savedrequest.RequestCacheAwareFilter@5dcee1ba, org.springframework.security.web.servletapi.SecurityContextHolderAwareRequestFilter@78be79f9, org.springframework.security.web.authentication.AnonymousAuthenticationFilter@21369371, org.springframework.security.web.session.SessionManagementFilter@3e22072d, org.springframework.security.web.access.ExceptionTranslationFilter@7a2c1586, org.springframework.security.web.access.intercept.AuthorizationFilter@39e1bcb8]
14:57:33.274 [thread] WARN  org.springframework.boot.autoconfigure.thymeleaf.ThymeleafAutoConfiguration$DefaultTemplateResolverConfiguration[36] -Cannot find template location: classpath:/templates/ (please add some templates, check your Thymeleaf configuration, or set spring.thymeleaf.check-template-location=false)
14:57:33.447 [thread] INFO  org.springframework.boot.devtools.autoconfigure.OptionalLiveReloadServer[36] -LiveReload server is running on port 35729
14:57:33.492 [thread] INFO  org.springframework.boot.web.embedded.tomcat.TomcatWebServer[36] -Tomcat started on port(s): 8080 (http) with context path ''
14:57:33.503 [thread] INFO  com.weekproj.springII.WeekProjSpringIiApplication[36] -Started WeekProjSpringIiApplication in 5.479 seconds (process running for 6.715)
14:57:36.344 [thread] INFO  org.apache.catalina.core.ContainerBase.[Tomcat].[localhost].[/][36] -Initializing Spring DispatcherServlet 'dispatcherServlet'
14:57:36.344 [thread] INFO  org.springframework.web.servlet.DispatcherServlet[36] -Initializing Servlet 'dispatcherServlet'
14:57:36.345 [thread] INFO  org.springframework.web.servlet.DispatcherServlet[36] -Completed initialization in 1 ms
15:00:27.002 [thread] INFO  org.springframework.boot.admin.SpringApplicationAdminMXBeanRegistrar$SpringApplicationAdmin[36] -Application shutdown requested.
15:00:27.015 [thread] INFO  org.apache.catalina.core.StandardService[36] -Stopping service [Tomcat]
15:00:27.016 [thread] INFO  org.apache.catalina.core.ContainerBase.[Tomcat].[localhost].[/][36] -Destroying Spring FrameworkServlet 'dispatcherServlet'
15:00:27.019 [thread] WARN  org.apache.catalina.loader.WebappClassLoaderBase[36] -The web application [ROOT] appears to have started a thread named [HikariPool-1 housekeeper] but has failed to stop it. This is very likely to create a memory leak. Stack trace of thread:
 java.base@17.0.7/jdk.internal.misc.Unsafe.park(Native Method)
 java.base@17.0.7/java.util.concurrent.locks.LockSupport.parkNanos(LockSupport.java:252)
 java.base@17.0.7/java.util.concurrent.locks.AbstractQueuedSynchronizer$ConditionObject.awaitNanos(AbstractQueuedSynchronizer.java:1672)
 java.base@17.0.7/java.util.concurrent.ScheduledThreadPoolExecutor$DelayedWorkQueue.take(ScheduledThreadPoolExecutor.java:1182)
 java.base@17.0.7/java.util.concurrent.ScheduledThreadPoolExecutor$DelayedWorkQueue.take(ScheduledThreadPoolExecutor.java:899)
 java.base@17.0.7/java.util.concurrent.ThreadPoolExecutor.getTask(ThreadPoolExecutor.java:1062)
 java.base@17.0.7/java.util.concurrent.ThreadPoolExecutor.runWorker(ThreadPoolExecutor.java:1122)
 java.base@17.0.7/java.util.concurrent.ThreadPoolExecutor$Worker.run(ThreadPoolExecutor.java:635)
 java.base@17.0.7/java.lang.Thread.run(Thread.java:833)
15:00:27.025 [thread] INFO  org.springframework.orm.jpa.LocalContainerEntityManagerFactoryBean[36] -Closing JPA EntityManagerFactory for persistence unit 'default'
15:00:27.028 [thread] INFO  com.zaxxer.hikari.HikariDataSource[36] -HikariPool-1 - Shutdown initiated...
15:00:27.036 [thread] INFO  com.zaxxer.hikari.HikariDataSource[36] -HikariPool-1 - Shutdown completed.
15:31:00.397 [thread] INFO  com.weekproj.springII.WeekProjSpringIiApplication[36] -Starting WeekProjSpringIiApplication using Java 17.0.7 with PID 9120 (F:\Epicode\JAVA-UNIT\BACK-END_JAVA_U2\WeekProjSpringII\target\classes started by UTENTE in F:\Epicode\JAVA-UNIT\BACK-END_JAVA_U2\WeekProjSpringII)
15:31:00.416 [thread] INFO  com.weekproj.springII.WeekProjSpringIiApplication[36] -No active profile set, falling back to 1 default profile: "default"
15:31:00.516 [thread] INFO  org.springframework.boot.devtools.env.DevToolsPropertyDefaultsPostProcessor[36] -Devtools property defaults active! Set 'spring.devtools.add-properties' to 'false' to disable
15:31:00.518 [thread] INFO  org.springframework.boot.devtools.env.DevToolsPropertyDefaultsPostProcessor[36] -For additional web related logging consider setting the 'logging.level.web' property to 'DEBUG'
15:31:02.049 [thread] INFO  org.springframework.data.repository.config.RepositoryConfigurationDelegate[36] -Bootstrapping Spring Data JPA repositories in DEFAULT mode.
15:31:02.228 [thread] INFO  org.springframework.data.repository.config.RepositoryConfigurationDelegate[36] -Finished Spring Data repository scanning in 154 ms. Found 3 JPA repository interfaces.
15:31:05.743 [thread] INFO  org.springframework.boot.web.embedded.tomcat.TomcatWebServer[36] -Tomcat initialized with port(s): 8080 (http)
15:31:05.772 [thread] INFO  org.apache.catalina.core.StandardService[36] -Starting service [Tomcat]
15:31:05.774 [thread] INFO  org.apache.catalina.core.StandardEngine[36] -Starting Servlet engine: [Apache Tomcat/10.1.8]
15:31:05.974 [thread] INFO  org.apache.catalina.core.ContainerBase.[Tomcat].[localhost].[/][36] -Initializing Spring embedded WebApplicationContext
15:31:05.976 [thread] INFO  org.springframework.boot.web.servlet.context.ServletWebServerApplicationContext[36] -Root WebApplicationContext: initialization completed in 5452 ms
15:31:06.414 [thread] INFO  org.hibernate.jpa.internal.util.LogHelper[36] -HHH000204: Processing PersistenceUnitInfo [name: default]
15:31:06.674 [thread] INFO  org.hibernate.Version[36] -HHH000412: Hibernate ORM core version 6.2.2.Final
15:31:06.686 [thread] INFO  org.hibernate.cfg.Environment[36] -HHH000406: Using bytecode reflection optimizer
15:31:07.079 [thread] INFO  org.hibernate.bytecode.internal.BytecodeProviderInitiator[36] -HHH000021: Bytecode provider name : bytebuddy
15:31:07.497 [thread] INFO  org.springframework.orm.jpa.persistenceunit.SpringPersistenceUnitInfo[36] -No LoadTimeWeaver setup: ignoring JPA class transformer
15:31:07.541 [thread] INFO  com.zaxxer.hikari.HikariDataSource[36] -HikariPool-1 - Starting...
15:31:08.467 [thread] INFO  com.zaxxer.hikari.pool.HikariPool[36] -HikariPool-1 - Added connection org.postgresql.jdbc.PgConnection@a30cc83
15:31:08.474 [thread] INFO  com.zaxxer.hikari.HikariDataSource[36] -HikariPool-1 - Start completed.
15:31:08.653 [thread] INFO  org.hibernate.orm.dialect[36] -HHH035001: Using dialect: org.hibernate.dialect.PostgreSQLDialect, version: org.hibernate.engine.jdbc.env.internal.JdbcEnvironmentInitiator$DialectResolutionInfoImpl@de4bd12
15:31:09.379 [thread] INFO  org.hibernate.bytecode.internal.BytecodeProviderInitiator[36] -HHH000021: Bytecode provider name : bytebuddy
15:31:10.828 [thread] INFO  org.hibernate.engine.transaction.jta.platform.internal.JtaPlatformInitiator[36] -HHH000490: Using JtaPlatform implementation: [org.hibernate.engine.transaction.jta.platform.internal.NoJtaPlatform]
15:31:11.022 [thread] INFO  org.springframework.orm.jpa.LocalContainerEntityManagerFactoryBean[36] -Initialized JPA EntityManagerFactory for persistence unit 'default'
15:31:11.666 [thread] INFO  com.weekproj.springII.WeekProjSpringIiApplication[36] -Starting WeekProjSpringIiApplication using Java 17.0.7 with PID 19796 (F:\Epicode\JAVA-UNIT\BACK-END_JAVA_U2\WeekProjSpringII\target\classes started by UTENTE in F:\Epicode\JAVA-UNIT\BACK-END_JAVA_U2\WeekProjSpringII)
15:31:11.673 [thread] INFO  com.weekproj.springII.WeekProjSpringIiApplication[36] -No active profile set, falling back to 1 default profile: "default"
15:31:11.900 [thread] INFO  org.springframework.boot.devtools.env.DevToolsPropertyDefaultsPostProcessor[36] -Devtools property defaults active! Set 'spring.devtools.add-properties' to 'false' to disable
15:31:11.905 [thread] INFO  org.springframework.boot.devtools.env.DevToolsPropertyDefaultsPostProcessor[36] -For additional web related logging consider setting the 'logging.level.web' property to 'DEBUG'
15:31:12.928 [thread] WARN  org.springframework.boot.autoconfigure.orm.jpa.JpaBaseConfiguration$JpaWebConfiguration[36] -spring.jpa.open-in-view is enabled by default. Therefore, database queries may be performed during view rendering. Explicitly configure spring.jpa.open-in-view to disable this warning
15:31:13.916 [thread] INFO  org.springframework.security.web.DefaultSecurityFilterChain[36] -Will secure any request with [org.springframework.security.web.session.DisableEncodeUrlFilter@4f00234e, org.springframework.security.web.context.request.async.WebAsyncManagerIntegrationFilter@1d03a1, org.springframework.security.web.context.SecurityContextHolderFilter@5c247d1, org.springframework.security.web.header.HeaderWriterFilter@2fa130b9, org.springframework.web.filter.CorsFilter@3c6d2a44, org.springframework.security.web.authentication.logout.LogoutFilter@7277a11c, com.weekproj.springII.security.JwtAuthenticationFilter@3eb741ac, org.springframework.security.web.savedrequest.RequestCacheAwareFilter@3118a0e6, org.springframework.security.web.servletapi.SecurityContextHolderAwareRequestFilter@432184a0, org.springframework.security.web.authentication.AnonymousAuthenticationFilter@2151a479, org.springframework.security.web.session.SessionManagementFilter@1b0d3606, org.springframework.security.web.access.ExceptionTranslationFilter@3b403487, org.springframework.security.web.access.intercept.AuthorizationFilter@5094b64]
15:31:14.304 [thread] WARN  org.springframework.boot.autoconfigure.thymeleaf.ThymeleafAutoConfiguration$DefaultTemplateResolverConfiguration[36] -Cannot find template location: classpath:/templates/ (please add some templates, check your Thymeleaf configuration, or set spring.thymeleaf.check-template-location=false)
15:31:14.615 [thread] INFO  org.springframework.boot.devtools.autoconfigure.OptionalLiveReloadServer[36] -LiveReload server is running on port 35729
15:31:14.750 [thread] INFO  org.springframework.boot.web.embedded.tomcat.TomcatWebServer[36] -Tomcat started on port(s): 8080 (http) with context path ''
15:31:14.793 [thread] INFO  com.weekproj.springII.WeekProjSpringIiApplication[36] -Started WeekProjSpringIiApplication in 15.171 seconds (process running for 16.215)
15:31:14.829 [thread] INFO  org.springframework.data.repository.config.RepositoryConfigurationDelegate[36] -Bootstrapping Spring Data JPA repositories in DEFAULT mode.
15:31:14.993 [thread] INFO  org.springframework.data.repository.config.RepositoryConfigurationDelegate[36] -Finished Spring Data repository scanning in 128 ms. Found 3 JPA repository interfaces.
15:31:16.623 [thread] INFO  org.springframework.boot.web.embedded.tomcat.TomcatWebServer[36] -Tomcat initialized with port(s): 8080 (http)
15:31:16.644 [thread] INFO  org.apache.catalina.core.StandardService[36] -Starting service [Tomcat]
15:31:16.645 [thread] INFO  org.apache.catalina.core.StandardEngine[36] -Starting Servlet engine: [Apache Tomcat/10.1.8]
15:31:16.797 [thread] INFO  org.apache.catalina.core.ContainerBase.[Tomcat].[localhost].[/][36] -Initializing Spring embedded WebApplicationContext
15:31:16.798 [thread] INFO  org.springframework.boot.web.servlet.context.ServletWebServerApplicationContext[36] -Root WebApplicationContext: initialization completed in 4883 ms
15:31:17.034 [thread] INFO  org.hibernate.jpa.internal.util.LogHelper[36] -HHH000204: Processing PersistenceUnitInfo [name: default]
15:31:17.133 [thread] INFO  org.hibernate.Version[36] -HHH000412: Hibernate ORM core version 6.2.2.Final
15:31:17.141 [thread] INFO  org.hibernate.cfg.Environment[36] -HHH000406: Using bytecode reflection optimizer
15:31:17.401 [thread] INFO  org.hibernate.bytecode.internal.BytecodeProviderInitiator[36] -HHH000021: Bytecode provider name : bytebuddy
15:31:17.647 [thread] INFO  org.springframework.orm.jpa.persistenceunit.SpringPersistenceUnitInfo[36] -No LoadTimeWeaver setup: ignoring JPA class transformer
15:31:17.676 [thread] INFO  com.zaxxer.hikari.HikariDataSource[36] -HikariPool-1 - Starting...
15:31:18.027 [thread] INFO  com.zaxxer.hikari.pool.HikariPool[36] -HikariPool-1 - Added connection org.postgresql.jdbc.PgConnection@2b47f8c2
15:31:18.031 [thread] INFO  com.zaxxer.hikari.HikariDataSource[36] -HikariPool-1 - Start completed.
15:31:18.115 [thread] INFO  org.hibernate.orm.dialect[36] -HHH035001: Using dialect: org.hibernate.dialect.PostgreSQLDialect, version: org.hibernate.engine.jdbc.env.internal.JdbcEnvironmentInitiator$DialectResolutionInfoImpl@653f7cac
15:31:18.569 [thread] INFO  org.hibernate.bytecode.internal.BytecodeProviderInitiator[36] -HHH000021: Bytecode provider name : bytebuddy
15:31:19.728 [thread] INFO  org.hibernate.engine.transaction.jta.platform.internal.JtaPlatformInitiator[36] -HHH000490: Using JtaPlatform implementation: [org.hibernate.engine.transaction.jta.platform.internal.NoJtaPlatform]
15:31:19.861 [thread] INFO  org.springframework.orm.jpa.LocalContainerEntityManagerFactoryBean[36] -Initialized JPA EntityManagerFactory for persistence unit 'default'
15:31:20.768 [thread] WARN  org.springframework.boot.autoconfigure.orm.jpa.JpaBaseConfiguration$JpaWebConfiguration[36] -spring.jpa.open-in-view is enabled by default. Therefore, database queries may be performed during view rendering. Explicitly configure spring.jpa.open-in-view to disable this warning
15:31:21.209 [thread] INFO  org.springframework.security.web.DefaultSecurityFilterChain[36] -Will secure any request with [org.springframework.security.web.session.DisableEncodeUrlFilter@3b7c588, org.springframework.security.web.context.request.async.WebAsyncManagerIntegrationFilter@74c8676b, org.springframework.security.web.context.SecurityContextHolderFilter@1a0b3d47, org.springframework.security.web.header.HeaderWriterFilter@1fe0ea62, org.springframework.web.filter.CorsFilter@225d37de, org.springframework.security.web.authentication.logout.LogoutFilter@726894c1, com.weekproj.springII.security.JwtAuthenticationFilter@783fc46a, org.springframework.security.web.savedrequest.RequestCacheAwareFilter@2e60e944, org.springframework.security.web.servletapi.SecurityContextHolderAwareRequestFilter@26d3ec81, org.springframework.security.web.authentication.AnonymousAuthenticationFilter@1752a0e8, org.springframework.security.web.session.SessionManagementFilter@1d549fb3, org.springframework.security.web.access.ExceptionTranslationFilter@17edda47, org.springframework.security.web.access.intercept.AuthorizationFilter@191dd2bf]
15:31:21.430 [thread] WARN  org.springframework.boot.autoconfigure.thymeleaf.ThymeleafAutoConfiguration$DefaultTemplateResolverConfiguration[36] -Cannot find template location: classpath:/templates/ (please add some templates, check your Thymeleaf configuration, or set spring.thymeleaf.check-template-location=false)
15:31:21.641 [thread] WARN  org.springframework.boot.devtools.autoconfigure.OptionalLiveReloadServer[36] -Unable to start LiveReload server
15:31:21.670 [thread] WARN  org.springframework.boot.web.servlet.context.AnnotationConfigServletWebServerApplicationContext[36] -Exception encountered during context initialization - cancelling refresh attempt: org.springframework.context.ApplicationContextException: Failed to start bean 'webServerStartStop'
15:31:21.678 [thread] INFO  org.springframework.orm.jpa.LocalContainerEntityManagerFactoryBean[36] -Closing JPA EntityManagerFactory for persistence unit 'default'
15:31:21.684 [thread] INFO  com.zaxxer.hikari.HikariDataSource[36] -HikariPool-1 - Shutdown initiated...
15:31:21.695 [thread] INFO  com.zaxxer.hikari.HikariDataSource[36] -HikariPool-1 - Shutdown completed.
15:31:21.703 [thread] INFO  org.apache.catalina.core.StandardService[36] -Stopping service [Tomcat]
15:31:21.736 [thread] INFO  org.springframework.boot.autoconfigure.logging.ConditionEvaluationReportLogger[36] -

Error starting ApplicationContext. To display the condition evaluation report re-run your application with 'debug' enabled.
15:31:21.776 [thread] ERROR org.springframework.boot.diagnostics.LoggingFailureAnalysisReporter[36] -

***************************
APPLICATION FAILED TO START
***************************

Description:

Web server failed to start. Port 8080 was already in use.

Action:

Identify and stop the process that's listening on port 8080 or configure this application to listen on another port.

15:31:43.811 [thread] INFO  org.apache.catalina.core.ContainerBase.[Tomcat].[localhost].[/][36] -Initializing Spring DispatcherServlet 'dispatcherServlet'
15:31:43.812 [thread] INFO  org.springframework.web.servlet.DispatcherServlet[36] -Initializing Servlet 'dispatcherServlet'
15:31:43.815 [thread] INFO  org.springframework.web.servlet.DispatcherServlet[36] -Completed initialization in 2 ms
15:32:27.511 [thread] INFO  org.springframework.boot.devtools.autoconfigure.LocalDevToolsAutoConfiguration$RestartingClassPathChangeChangedEventListener[36] -Restarting due to 1 class path change (0 additions, 0 deletions, 1 modification)
15:32:27.530 [thread] INFO  org.apache.catalina.core.StandardService[36] -Stopping service [Tomcat]
15:32:27.532 [thread] INFO  org.apache.catalina.core.ContainerBase.[Tomcat].[localhost].[/][36] -Destroying Spring FrameworkServlet 'dispatcherServlet'
15:32:27.537 [thread] WARN  org.apache.catalina.loader.WebappClassLoaderBase[36] -The web application [ROOT] appears to have started a thread named [HikariPool-1 housekeeper] but has failed to stop it. This is very likely to create a memory leak. Stack trace of thread:
 java.base@17.0.7/jdk.internal.misc.Unsafe.park(Native Method)
 java.base@17.0.7/java.util.concurrent.locks.LockSupport.parkNanos(Unknown Source)
 java.base@17.0.7/java.util.concurrent.locks.AbstractQueuedSynchronizer$ConditionObject.awaitNanos(Unknown Source)
 java.base@17.0.7/java.util.concurrent.ScheduledThreadPoolExecutor$DelayedWorkQueue.take(Unknown Source)
 java.base@17.0.7/java.util.concurrent.ScheduledThreadPoolExecutor$DelayedWorkQueue.take(Unknown Source)
 java.base@17.0.7/java.util.concurrent.ThreadPoolExecutor.getTask(Unknown Source)
 java.base@17.0.7/java.util.concurrent.ThreadPoolExecutor.runWorker(Unknown Source)
 java.base@17.0.7/java.util.concurrent.ThreadPoolExecutor$Worker.run(Unknown Source)
 java.base@17.0.7/java.lang.Thread.run(Unknown Source)
15:32:27.545 [thread] INFO  org.springframework.orm.jpa.LocalContainerEntityManagerFactoryBean[36] -Closing JPA EntityManagerFactory for persistence unit 'default'
15:32:27.552 [thread] INFO  com.zaxxer.hikari.HikariDataSource[36] -HikariPool-1 - Shutdown initiated...
15:32:27.576 [thread] INFO  com.zaxxer.hikari.HikariDataSource[36] -HikariPool-1 - Shutdown completed.
15:32:27.747 [thread] INFO  com.weekproj.springII.WeekProjSpringIiApplication[36] -Starting WeekProjSpringIiApplication using Java 17.0.7 with PID 9120 (F:\Epicode\JAVA-UNIT\BACK-END_JAVA_U2\WeekProjSpringII\target\classes started by UTENTE in F:\Epicode\JAVA-UNIT\BACK-END_JAVA_U2\WeekProjSpringII)
15:32:27.748 [thread] INFO  com.weekproj.springII.WeekProjSpringIiApplication[36] -No active profile set, falling back to 1 default profile: "default"
15:32:28.129 [thread] INFO  org.springframework.data.repository.config.RepositoryConfigurationDelegate[36] -Bootstrapping Spring Data JPA repositories in DEFAULT mode.
15:32:28.168 [thread] INFO  org.springframework.data.repository.config.RepositoryConfigurationDelegate[36] -Finished Spring Data repository scanning in 38 ms. Found 3 JPA repository interfaces.
15:32:28.378 [thread] INFO  org.springframework.boot.web.embedded.tomcat.TomcatWebServer[36] -Tomcat initialized with port(s): 8080 (http)
15:32:28.381 [thread] INFO  org.apache.catalina.core.StandardService[36] -Starting service [Tomcat]
15:32:28.383 [thread] INFO  org.apache.catalina.core.StandardEngine[36] -Starting Servlet engine: [Apache Tomcat/10.1.8]
15:32:28.459 [thread] INFO  org.apache.catalina.core.ContainerBase.[Tomcat].[localhost].[/][36] -Initializing Spring embedded WebApplicationContext
15:32:28.459 [thread] INFO  org.springframework.boot.web.servlet.context.ServletWebServerApplicationContext[36] -Root WebApplicationContext: initialization completed in 707 ms
15:32:28.551 [thread] INFO  org.hibernate.jpa.internal.util.LogHelper[36] -HHH000204: Processing PersistenceUnitInfo [name: default]
15:32:28.567 [thread] INFO  org.hibernate.bytecode.internal.BytecodeProviderInitiator[36] -HHH000021: Bytecode provider name : bytebuddy
15:32:28.567 [thread] INFO  org.springframework.orm.jpa.persistenceunit.SpringPersistenceUnitInfo[36] -No LoadTimeWeaver setup: ignoring JPA class transformer
15:32:28.570 [thread] INFO  com.zaxxer.hikari.HikariDataSource[36] -HikariPool-2 - Starting...
15:32:28.667 [thread] INFO  com.zaxxer.hikari.pool.HikariPool[36] -HikariPool-2 - Added connection org.postgresql.jdbc.PgConnection@3f9e6224
15:32:28.667 [thread] INFO  com.zaxxer.hikari.HikariDataSource[36] -HikariPool-2 - Start completed.
15:32:28.679 [thread] INFO  org.hibernate.orm.dialect[36] -HHH035001: Using dialect: org.hibernate.dialect.PostgreSQLDialect, version: org.hibernate.engine.jdbc.env.internal.JdbcEnvironmentInitiator$DialectResolutionInfoImpl@4442625c
15:32:28.725 [thread] INFO  org.hibernate.bytecode.internal.BytecodeProviderInitiator[36] -HHH000021: Bytecode provider name : bytebuddy
15:32:28.832 [thread] INFO  org.hibernate.engine.transaction.jta.platform.internal.JtaPlatformInitiator[36] -HHH000490: Using JtaPlatform implementation: [org.hibernate.engine.transaction.jta.platform.internal.NoJtaPlatform]
15:32:28.931 [thread] INFO  org.springframework.orm.jpa.LocalContainerEntityManagerFactoryBean[36] -Initialized JPA EntityManagerFactory for persistence unit 'default'
15:32:29.218 [thread] WARN  org.springframework.boot.autoconfigure.orm.jpa.JpaBaseConfiguration$JpaWebConfiguration[36] -spring.jpa.open-in-view is enabled by default. Therefore, database queries may be performed during view rendering. Explicitly configure spring.jpa.open-in-view to disable this warning
15:32:29.380 [thread] INFO  org.springframework.security.web.DefaultSecurityFilterChain[36] -Will secure any request with [org.springframework.security.web.session.DisableEncodeUrlFilter@5423f373, org.springframework.security.web.context.request.async.WebAsyncManagerIntegrationFilter@392914d7, org.springframework.security.web.context.SecurityContextHolderFilter@1f945073, org.springframework.security.web.header.HeaderWriterFilter@1ac29305, org.springframework.web.filter.CorsFilter@7e569d5, org.springframework.security.web.authentication.logout.LogoutFilter@7bb2daaa, com.weekproj.springII.security.JwtAuthenticationFilter@6038e967, org.springframework.security.web.savedrequest.RequestCacheAwareFilter@1189e2d9, org.springframework.security.web.servletapi.SecurityContextHolderAwareRequestFilter@1f5d1156, org.springframework.security.web.authentication.AnonymousAuthenticationFilter@4d6f8b7d, org.springframework.security.web.session.SessionManagementFilter@6207636c, org.springframework.security.web.access.ExceptionTranslationFilter@900f27a, org.springframework.security.web.access.intercept.AuthorizationFilter@52d30266]
15:32:29.488 [thread] WARN  org.springframework.boot.autoconfigure.thymeleaf.ThymeleafAutoConfiguration$DefaultTemplateResolverConfiguration[36] -Cannot find template location: classpath:/templates/ (please add some templates, check your Thymeleaf configuration, or set spring.thymeleaf.check-template-location=false)
15:32:29.592 [thread] INFO  org.springframework.boot.devtools.autoconfigure.OptionalLiveReloadServer[36] -LiveReload server is running on port 35729
15:32:29.635 [thread] INFO  org.springframework.boot.web.embedded.tomcat.TomcatWebServer[36] -Tomcat started on port(s): 8080 (http) with context path ''
15:32:29.643 [thread] INFO  com.weekproj.springII.WeekProjSpringIiApplication[36] -Started WeekProjSpringIiApplication in 1.934 seconds (process running for 91.065)
15:32:29.650 [thread] INFO  org.springframework.boot.devtools.autoconfigure.ConditionEvaluationDeltaLoggingListener[36] -Condition evaluation unchanged
